0 verbose cli C:\Program Files\nodejs\node.exe C:\Users\nadee\AppData\Roaming\npm\node_modules\npm\bin\npm-cli.js
1 info using npm@10.2.5
2 info using node@v21.1.0
3 timing npm:load:whichnode Completed in 15ms
4 timing config:load:defaults Completed in 5ms
5 timing config:load:file:C:\Users\nadee\AppData\Roaming\npm\node_modules\npm\npmrc Completed in 13ms
6 timing config:load:builtin Completed in 13ms
7 timing config:load:cli Completed in 7ms
8 timing config:load:env Completed in 3ms
9 error config prefix cannot be changed from project config: C:\Users\nadee\OneDrive\Desktop\UTA\Backup\my-nextjs-app\.npmrc.
10 timing config:load:file:C:\Users\nadee\OneDrive\Desktop\UTA\Backup\my-nextjs-app\.npmrc Completed in 9ms
11 timing config:load:project Completed in 35ms
12 timing config:load:file:C:\Users\nadee\.npmrc Completed in 3ms
13 timing config:load:user Completed in 3ms
14 timing config:load:file:C:\Users\nadee\OneDrive\Desktop\UTA\Backup\my-nextjs-app\etc\npmrc Completed in 2ms
15 timing config:load:global Completed in 2ms
16 timing config:load:setEnvs Completed in 3ms
17 timing config:load Completed in 79ms
18 timing npm:load:configload Completed in 79ms
19 timing config:load:flatten Completed in 11ms
20 timing npm:load:mkdirpcache Completed in 21ms
21 timing npm:load:mkdirplogs Completed in 8ms
22 verbose title npm run dev
23 verbose argv "run" "dev"
24 timing npm:load:setTitle Completed in 22ms
25 timing npm:load:display Completed in 33ms
26 verbose logfile logs-max:10 dir:C:\Users\nadee\OneDrive\Desktop\UTA\Backup\my-nextjs-app\.npm\_logs\2025-10-05T10_26_22_994Z-
27 verbose logfile C:\Users\nadee\OneDrive\Desktop\UTA\Backup\my-nextjs-app\.npm\_logs\2025-10-05T10_26_22_994Z-debug-0.log
28 timing npm:load:logFile Completed in 41ms
29 timing npm:load:timers Completed in 0ms
30 timing npm:load:configScope Completed in 1ms
31 timing npm:load Completed in 455ms
32 silly logfile done cleaning log files
33 timing command:run Completed in 41001ms
34 verbose exit 0
35 timing npm Completed in 42173ms
36 info ok
