0 verbose cli C:\Program Files\nodejs\node.exe C:\Users\nadee\AppData\Roaming\npm\node_modules\npm\bin\npm-cli.js
1 info using npm@10.2.5
2 info using node@v21.1.0
3 timing npm:load:whichnode Completed in 4ms
4 timing config:load:defaults Completed in 5ms
5 timing config:load:file:C:\Users\nadee\AppData\Roaming\npm\node_modules\npm\npmrc Completed in 8ms
6 timing config:load:builtin Completed in 8ms
7 timing config:load:cli Completed in 4ms
8 timing config:load:env Completed in 0ms
9 error config prefix cannot be changed from project config: C:\Users\nadee\OneDrive\Desktop\UTA\Backup\my-nextjs-app\.npmrc.
10 timing config:load:file:C:\Users\nadee\OneDrive\Desktop\UTA\Backup\my-nextjs-app\.npmrc Completed in 2ms
11 timing config:load:project Completed in 10ms
12 timing config:load:file:C:\Users\nadee\.npmrc Completed in 7ms
13 timing config:load:user Completed in 7ms
14 timing config:load:file:C:\Users\nadee\OneDrive\Desktop\UTA\Backup\my-nextjs-app\etc\npmrc Completed in 1ms
15 timing config:load:global Completed in 1ms
16 timing config:load:setEnvs Completed in 5ms
17 timing config:load Completed in 43ms
18 timing npm:load:configload Completed in 43ms
19 timing config:load:flatten Completed in 7ms
20 timing npm:load:mkdirpcache Completed in 2ms
21 timing npm:load:mkdirplogs Completed in 2ms
22 verbose title npm run build
23 verbose argv "run" "build"
24 timing npm:load:setTitle Completed in 2ms
25 timing npm:load:display Completed in 6ms
26 verbose logfile logs-max:10 dir:C:\Users\nadee\OneDrive\Desktop\UTA\Backup\my-nextjs-app\.npm\_logs\2025-10-05T10_02_21_663Z-
27 verbose logfile C:\Users\nadee\OneDrive\Desktop\UTA\Backup\my-nextjs-app\.npm\_logs\2025-10-05T10_02_21_663Z-debug-0.log
28 timing npm:load:logFile Completed in 31ms
29 timing npm:load:timers Completed in 0ms
30 timing npm:load:configScope Completed in 1ms
31 timing npm:load Completed in 218ms
32 silly logfile done cleaning log files
33 http fetch GET 200 https://registry.npmjs.org/npm 504ms
34 timing command:run Completed in 10000ms
35 notice
35 notice New [31mmajor[39m version of npm available! [31m10.2.5[39m -> [32m11.6.1[39m
35 notice Changelog: [36mhttps://github.com/npm/cli/releases/tag/v11.6.1[39m
35 notice Run [32mnpm install -g npm@11.6.1[39m to update!
35 notice
36 verbose exit 130
37 timing npm Completed in 10472ms
38 verbose code 130
