0 verbose cli C:\Program Files\nodejs\node.exe C:\Users\nadee\AppData\Roaming\npm\node_modules\npm\bin\npm-cli.js
1 info using npm@10.2.5
2 info using node@v21.1.0
3 timing npm:load:whichnode Completed in 3ms
4 timing config:load:defaults Completed in 6ms
5 timing config:load:file:C:\Users\nadee\AppData\Roaming\npm\node_modules\npm\npmrc Completed in 6ms
6 timing config:load:builtin Completed in 7ms
7 timing config:load:cli Completed in 2ms
8 timing config:load:env Completed in 1ms
9 error config prefix cannot be changed from project config: C:\Users\nadee\OneDrive\Desktop\UTA\Backup\my-nextjs-app\.npmrc.
10 timing config:load:file:C:\Users\nadee\OneDrive\Desktop\UTA\Backup\my-nextjs-app\.npmrc Completed in 2ms
11 timing config:load:project Completed in 8ms
12 timing config:load:file:C:\Users\nadee\.npmrc Completed in 1ms
13 timing config:load:user Completed in 1ms
14 timing config:load:file:C:\Users\nadee\OneDrive\Desktop\UTA\Backup\my-nextjs-app\etc\npmrc Completed in 0ms
15 timing config:load:global Completed in 1ms
16 timing config:load:setEnvs Completed in 2ms
17 timing config:load Completed in 30ms
18 timing npm:load:configload Completed in 30ms
19 timing config:load:flatten Completed in 3ms
20 timing npm:load:mkdirpcache Completed in 1ms
21 timing npm:load:mkdirplogs Completed in 1ms
22 verbose title npm run dev
23 verbose argv "run" "dev"
24 timing npm:load:setTitle Completed in 1ms
25 timing npm:load:display Completed in 4ms
26 verbose logfile logs-max:10 dir:C:\Users\nadee\OneDrive\Desktop\UTA\Backup\my-nextjs-app\.npm\_logs\2025-10-05T10_58_05_909Z-
27 verbose logfile C:\Users\nadee\OneDrive\Desktop\UTA\Backup\my-nextjs-app\.npm\_logs\2025-10-05T10_58_05_909Z-debug-0.log
28 timing npm:load:logFile Completed in 18ms
29 timing npm:load:timers Completed in 0ms
30 timing npm:load:configScope Completed in 0ms
31 timing npm:load Completed in 132ms
32 silly logfile done cleaning log files
33 timing command:run Completed in 8464807ms
34 verbose exit 0
35 timing npm Completed in 8465127ms
36 info ok
